<?xml version="1.0" encoding="UTF-8"?>
<!-- Generated by org.testng.reporters.JUnitReportReporter -->
<testsuite hostname="rkanchan-Lap" failures="0" tests="2" name="Maven_Testng.Maven_Testng.NewTest" time="0.030" errors="0" timestamp="2023-01-19T15:58:38 IST" skipped="0">
  <testcase classname="Maven_Testng.Maven_Testng.NewTest" name="f" time="0.028"/>
  <system-out/>
  <testcase classname="Maven_Testng.Maven_Testng.NewTest" name="g" time="0.002"/>
  <system-out/>
</testsuite> <!-- Maven_Testng.Maven_Testng.NewTest -->
